0 info it worked if it ends with ok
1 verbose cli [ '/usr/bin/node', '/usr/bin/npm', 'run', 'start' ]
2 info using npm@3.10.10
3 info using node@v6.10.2
4 verbose run-script [ 'prestart', 'start', 'poststart' ]
5 info lifecycle final-project-group-33@1.0.0~prestart: final-project-group-33@1.0.0
6 silly lifecycle final-project-group-33@1.0.0~prestart: no script for prestart, continuing
7 info lifecycle final-project-group-33@1.0.0~start: final-project-group-33@1.0.0
8 verbose lifecycle final-project-group-33@1.0.0~start: unsafe-perm in lifecycle true
9 verbose lifecycle final-project-group-33@1.0.0~start: PATH: /usr/lib/node_modules/npm/bin/node-gyp-bin:/nfs/stak/users/gorebr/cs290/final-project-group-33/node_modules/.bin:/nfs/stak/users/gorebr/.vscode-server/bin/f359dd69833dd8800b54d458f6d37ab7c78df520/bin:/nfs/stak/users/gorebr/.vscode-server/bin/f359dd69833dd8800b54d458f6d37ab7c78df520/bin:/usr/lib64/qt-3.3/bin:/nfs/stak/users/gorebr/perl5/bin:/usr/local/bin:/usr/bin:/nfs/stak/users/gorebr/.composer/vendor/bin:/opt/dell/srvadmin/bin:/usr/local/bin:/usr/local/apps/bin:/nfs/stak/users/gorebr/bin:.:/usr/local/bin:/usr/local/apps/bin:/nfs/stak/users/gorebr/bin:.
10 verbose lifecycle final-project-group-33@1.0.0~start: CWD: /nfs/stak/users/gorebr/cs290/final-project-group-33
11 silly lifecycle final-project-group-33@1.0.0~start: Args: [ '-c', 'node server.js' ]
12 silly lifecycle final-project-group-33@1.0.0~start: Returned: code: 1  signal: null
13 info lifecycle final-project-group-33@1.0.0~start: Failed to exec start script
14 verbose stack Error: final-project-group-33@1.0.0 start: `node server.js`
14 verbose stack Exit status 1
14 verbose stack     at EventEmitter.<anonymous> (/usr/lib/node_modules/npm/lib/utils/lifecycle.js:255:16)
14 verbose stack     at emitTwo (events.js:106:13)
14 verbose stack     at EventEmitter.emit (events.js:191:7)
14 verbose stack     at ChildProcess.<anonymous> (/usr/lib/node_modules/npm/lib/utils/spawn.js:40:14)
14 verbose stack     at emitTwo (events.js:106:13)
14 verbose stack     at ChildProcess.emit (events.js:191:7)
14 verbose stack     at maybeClose (internal/child_process.js:886:16)
14 verbose stack     at Process.ChildProcess._handle.onexit (internal/child_process.js:226:5)
15 verbose pkgid final-project-group-33@1.0.0
16 verbose cwd /nfs/stak/users/gorebr/cs290/final-project-group-33
17 error Linux 3.10.0-862.14.4.el7.x86_64
18 error argv "/usr/bin/node" "/usr/bin/npm" "run" "start"
19 error node v6.10.2
20 error npm  v3.10.10
21 error code ELIFECYCLE
22 error final-project-group-33@1.0.0 start: `node server.js`
22 error Exit status 1
23 error Failed at the final-project-group-33@1.0.0 start script 'node server.js'.
23 error Make sure you have the latest version of node.js and npm installed.
23 error If you do, this is most likely a problem with the final-project-group-33 package,
23 error not with npm itself.
23 error Tell the author that this fails on your system:
23 error     node server.js
23 error You can get information on how to open an issue for this project with:
23 error     npm bugs final-project-group-33
23 error Or if that isn't available, you can get their info via:
23 error     npm owner ls final-project-group-33
23 error There is likely additional logging output above.
24 verbose exit [ 1, true ]
